<?xml version="1.0" encoding="UTF-8"?>
<!-- Generated by org.testng.reporters.JUnitReportReporter -->
<testsuite skipped="0" hostname="M4L-FAC-MANZOOR" name="stepExecution.TestRunner" tests="1" failures="0" timestamp="2020-11-17T10:26:56 IST" time="17.813" errors="0">
  <testcase name="runScenario" time="17.813" classname="stepExecution.TestRunner"/>
  <system-out/>
</testsuite> <!-- stepExecution.TestRunner -->
